app/build/intermediates/manifest_merge_blame_file/debug/manifest-merger-blame-debug-report.txt
1<?xml version="1.0" encoding="utf-8"?>
2<manifest xmlns:android="http://schemas.android.com/apk/res/android"
3    package="com.example.myapplication"
4    android:versionCode="1"
5    android:versionName="1.0" >
6
7    <uses-sdk
8        android:minSdkVersion="19"
8-->src/main/AndroidManifest.xml
9        android:targetSdkVersion="30" />
9-->src/main/AndroidManifest.xml
10
11    <uses-permission android:name="android.permission.READ_EXTERNAL_STORAGE" />
11-->src/main/AndroidManifest.xml:5:5-80
11-->src/main/AndroidManifest.xml:5:22-77
12    <uses-permission android:name="android.permission.WRITE_EXTERNAL_STORAGE" />
12-->src/main/AndroidManifest.xml:6:5-81
12-->src/main/AndroidManifest.xml:6:22-78
13    <uses-permission android:name="android.permission.INTERNET" />
13-->src/main/AndroidManifest.xml:7:5-67
13-->src/main/AndroidManifest.xml:7:22-64
14    <uses-permission android:name="android.permission.ACTIVITY_RECOGNITION" />
14-->src/main/AndroidManifest.xml:8:5-78
14-->src/main/AndroidManifest.xml:8:22-76
15    <uses-permission android:name="android.permission.CALL_PHONE" />
15-->src/main/AndroidManifest.xml:9:5-69
15-->src/main/AndroidManifest.xml:9:22-66
16    <uses-permission android:name="android.permission.ACCESS_NETWORK_STATE" />
16-->src/main/AndroidManifest.xml:10:5-79
16-->src/main/AndroidManifest.xml:10:22-76
17    <uses-permission android:name="android.permission.READ_CALENDAR" />
17-->src/main/AndroidManifest.xml:11:5-72
17-->src/main/AndroidManifest.xml:11:22-69
18    <uses-permission android:name="android.permission.WRITE_CALENDAR" />
18-->src/main/AndroidManifest.xml:12:5-73
18-->src/main/AndroidManifest.xml:12:22-70
19    <uses-permission android:name="android.permission.ACCESS_NETWORK_STATE" />
19-->src/main/AndroidManifest.xml:10:5-79
19-->src/main/AndroidManifest.xml:10:22-76
20    <uses-permission android:name="android.permission.ACCESS_FINE_LOCATION" />
20-->src/main/AndroidManifest.xml:14:5-79
20-->src/main/AndroidManifest.xml:14:22-76
21    <uses-permission android:name="android.permission.ACCESS_COARSE_LOCATION" />
21-->src/main/AndroidManifest.xml:15:5-81
21-->src/main/AndroidManifest.xml:15:22-78
22    <uses-permission android:name="android.permission.SEND_SMS" />
22-->src/main/AndroidManifest.xml:16:5-67
22-->src/main/AndroidManifest.xml:16:22-64
23
24    <uses-feature
24-->src/main/AndroidManifest.xml:17:5-19:35
25        android:name="android.hardware.sensor.accelerometer"
25-->src/main/AndroidManifest.xml:18:9-61
26        android:required="true" />
26-->src/main/AndroidManifest.xml:19:9-32
27    <uses-feature
27-->src/main/AndroidManifest.xml:20:5-21:34
28        android:name="android.hardware.sensor.stepcounter"
28-->src/main/AndroidManifest.xml:20:19-69
29        android:required="true" />
29-->src/main/AndroidManifest.xml:21:9-32
30    <uses-feature
30-->src/main/AndroidManifest.xml:22:5-23:34
31        android:name="android.hardware.sensor.stepdetector"
31-->src/main/AndroidManifest.xml:22:19-70
32        android:required="true" />
32-->src/main/AndroidManifest.xml:23:9-32
33
34    <uses-permission android:name="android.permission.WAKE_LOCK" /> <!-- Required by older versions of Google Play services to create IID tokens -->
34-->[com.google.firebase:firebase-messaging:22.0.0] AndroidManifest.xml:23:5-68
34-->[com.google.firebase:firebase-messaging:22.0.0] AndroidManifest.xml:23:22-65
35    <uses-permission android:name="com.google.android.c2dm.permission.RECEIVE" />
35-->[com.google.firebase:firebase-messaging:22.0.0] AndroidManifest.xml:25:5-82
35-->[com.google.firebase:firebase-messaging:22.0.0] AndroidManifest.xml:25:22-79
36
37    <application
37-->src/main/AndroidManifest.xml:25:5-141:19
38        android:allowBackup="true"
38-->src/main/AndroidManifest.xml:26:9-35
39        android:appComponentFactory="androidx.core.app.CoreComponentFactory"
39-->[androidx.core:core:1.3.1] AndroidManifest.xml:24:18-86
40        android:debuggable="true"
41        android:icon="@mipmap/ic_launcher"
41-->src/main/AndroidManifest.xml:27:9-43
42        android:label="@string/app_name"
42-->src/main/AndroidManifest.xml:28:9-41
43        android:roundIcon="@mipmap/ic_launcher_round"
43-->src/main/AndroidManifest.xml:29:9-54
44        android:supportsRtl="true"
44-->src/main/AndroidManifest.xml:30:9-35
45        android:theme="@style/Theme.TeleClinic" >
45-->src/main/AndroidManifest.xml:31:9-48
46        <activity
46-->src/main/AndroidManifest.xml:32:9-34:20
47            android:name="com.example.ahujaclinic.Patient_side_prescription_recycler"
47-->src/main/AndroidManifest.xml:32:19-69
48            android:screenOrientation="portrait" >
48-->src/main/AndroidManifest.xml:33:13-49
49        </activity>
50        <activity
50-->src/main/AndroidManifest.xml:35:9-37:15
51            android:name="com.example.ahujaclinic.Presciption_PatientSide"
51-->src/main/AndroidManifest.xml:35:19-58
52            android:screenOrientation="portrait" />
52-->src/main/AndroidManifest.xml:36:13-49
53        <activity
53-->src/main/AndroidManifest.xml:38:9-39:51
54            android:name="com.example.ahujaclinic.Contact"
54-->src/main/AndroidManifest.xml:38:19-42
55            android:screenOrientation="portrait" />
55-->src/main/AndroidManifest.xml:39:13-49
56        <activity
56-->src/main/AndroidManifest.xml:40:9-41:51
57            android:name="com.example.ahujaclinic.StartActivity"
57-->src/main/AndroidManifest.xml:40:19-48
58            android:screenOrientation="portrait" />
58-->src/main/AndroidManifest.xml:41:13-49
59        <activity
59-->src/main/AndroidManifest.xml:42:9-43:51
60            android:name="com.example.ahujaclinic.About"
60-->src/main/AndroidManifest.xml:42:19-40
61            android:screenOrientation="portrait" />
61-->src/main/AndroidManifest.xml:43:13-49
62        <activity
62-->src/main/AndroidManifest.xml:44:9-45:51
63            android:name="com.example.ahujaclinic.View_All_Speciality"
63-->src/main/AndroidManifest.xml:44:19-54
64            android:screenOrientation="portrait" />
64-->src/main/AndroidManifest.xml:45:13-49
65        <activity
65-->src/main/AndroidManifest.xml:46:9-47:51
66            android:name="com.example.ahujaclinic.Available_Doctors"
66-->src/main/AndroidManifest.xml:46:19-52
67            android:screenOrientation="portrait" />
67-->src/main/AndroidManifest.xml:47:13-49
68        <activity
68-->src/main/AndroidManifest.xml:48:9-49:51
69            android:name="com.example.ahujaclinic.Patient_Display_Doctor"
69-->src/main/AndroidManifest.xml:48:19-57
70            android:screenOrientation="portrait" />
70-->src/main/AndroidManifest.xml:49:13-49
71        <activity
71-->src/main/AndroidManifest.xml:50:9-51:51
72            android:name="com.example.ahujaclinic.Doctors_Add_Admin"
72-->src/main/AndroidManifest.xml:50:19-52
73            android:screenOrientation="portrait" />
73-->src/main/AndroidManifest.xml:51:13-49
74        <activity
74-->src/main/AndroidManifest.xml:52:9-53:51
75            android:name="com.example.ahujaclinic.ForgotPassword"
75-->src/main/AndroidManifest.xml:52:19-49
76            android:screenOrientation="portrait" />
76-->src/main/AndroidManifest.xml:53:13-49
77        <activity
77-->src/main/AndroidManifest.xml:54:9-55:51
78            android:name="com.example.ahujaclinic.Doctors"
78-->src/main/AndroidManifest.xml:54:19-42
79            android:screenOrientation="portrait" />
79-->src/main/AndroidManifest.xml:55:13-49
80        <activity
80-->src/main/AndroidManifest.xml:56:9-57:51
81            android:name="com.example.ahujaclinic.Patient"
81-->src/main/AndroidManifest.xml:56:19-42
82            android:screenOrientation="portrait" />
82-->src/main/AndroidManifest.xml:57:13-49
83        <activity
83-->src/main/AndroidManifest.xml:58:9-59:51
84            android:name="com.example.ahujaclinic.verifyOtp"
84-->src/main/AndroidManifest.xml:58:19-44
85            android:screenOrientation="portrait" />
85-->src/main/AndroidManifest.xml:59:13-49
86        <activity
86-->src/main/AndroidManifest.xml:60:9-61:51
87            android:name="com.example.ahujaclinic.PatientLogin"
87-->src/main/AndroidManifest.xml:60:19-47
88            android:screenOrientation="portrait" />
88-->src/main/AndroidManifest.xml:61:13-49
89        <activity
89-->src/main/AndroidManifest.xml:62:9-63:51
90            android:name="com.example.ahujaclinic.DoctorsLogin"
90-->src/main/AndroidManifest.xml:62:19-47
91            android:screenOrientation="portrait" />
91-->src/main/AndroidManifest.xml:63:13-49
92        <activity
92-->src/main/AndroidManifest.xml:64:9-65:51
93            android:name="com.example.ahujaclinic.AskRole"
93-->src/main/AndroidManifest.xml:64:19-42
94            android:screenOrientation="portrait" />
94-->src/main/AndroidManifest.xml:65:13-49
95        <activity
95-->src/main/AndroidManifest.xml:66:9-67:51
96            android:name="com.example.ahujaclinic.Doctors_Update_Profile"
96-->src/main/AndroidManifest.xml:66:19-57
97            android:screenOrientation="portrait" />
97-->src/main/AndroidManifest.xml:67:13-49
98        <activity
98-->src/main/AndroidManifest.xml:68:9-69:51
99            android:name="com.example.ahujaclinic.Doctors_View_Profile"
99-->src/main/AndroidManifest.xml:68:19-55
100            android:screenOrientation="portrait" />
100-->src/main/AndroidManifest.xml:69:13-49
101        <activity
101-->src/main/AndroidManifest.xml:70:9-71:51
102            android:name="com.example.ahujaclinic.Doctor_ChooseSlots"
102-->src/main/AndroidManifest.xml:70:19-53
103            android:screenOrientation="portrait" />
103-->src/main/AndroidManifest.xml:71:13-49
104        <activity
104-->src/main/AndroidManifest.xml:72:9-73:51
105            android:name="com.example.ahujaclinic.Patient_Booking_Appointments"
105-->src/main/AndroidManifest.xml:72:19-63
106            android:screenOrientation="portrait" />
106-->src/main/AndroidManifest.xml:73:13-49
107        <activity
107-->src/main/AndroidManifest.xml:74:9-75:51
108            android:name="com.example.ahujaclinic.PrescriptionActivity"
108-->src/main/AndroidManifest.xml:74:19-55
109            android:screenOrientation="portrait" />
109-->src/main/AndroidManifest.xml:75:13-49
110        <activity
110-->src/main/AndroidManifest.xml:76:9-77:51
111            android:name="com.example.ahujaclinic.Patient_Details_Doctors_Side"
111-->src/main/AndroidManifest.xml:76:19-63
112            android:screenOrientation="portrait" />
112-->src/main/AndroidManifest.xml:77:13-49
113        <activity
113-->src/main/AndroidManifest.xml:78:9-79:51
114            android:name="com.example.ahujaclinic.Patient_MessageActivity"
114-->src/main/AndroidManifest.xml:78:19-58
115            android:screenOrientation="portrait" />
115-->src/main/AndroidManifest.xml:79:13-49
116        <activity
116-->src/main/AndroidManifest.xml:80:9-81:51
117            android:name="com.example.ahujaclinic.Doctor_Chat_Display"
117-->src/main/AndroidManifest.xml:80:19-54
118            android:screenOrientation="portrait" />
118-->src/main/AndroidManifest.xml:81:13-49
119        <activity
119-->src/main/AndroidManifest.xml:82:9-83:51
120            android:name="com.example.ahujaclinic.Doctor_MessageActivity"
120-->src/main/AndroidManifest.xml:82:19-57
121            android:screenOrientation="portrait" />
121-->src/main/AndroidManifest.xml:83:13-49
122        <activity
122-->src/main/AndroidManifest.xml:84:9-85:51
123            android:name="com.example.ahujaclinic.Patient_Chat_Display"
123-->src/main/AndroidManifest.xml:84:19-55
124            android:screenOrientation="portrait" />
124-->src/main/AndroidManifest.xml:85:13-49
125        <activity
125-->src/main/AndroidManifest.xml:86:9-87:51
126            android:name="com.example.ahujaclinic.Admin_Available_Appointments"
126-->src/main/AndroidManifest.xml:86:19-63
127            android:screenOrientation="portrait" />
127-->src/main/AndroidManifest.xml:87:13-49
128        <activity
128-->src/main/AndroidManifest.xml:88:9-89:51
129            android:name="com.example.ahujaclinic.Admin_Doctor_Details"
129-->src/main/AndroidManifest.xml:88:19-55
130            android:screenOrientation="portrait" />
130-->src/main/AndroidManifest.xml:89:13-49
131        <activity
131-->src/main/AndroidManifest.xml:90:9-91:51
132            android:name="com.example.ahujaclinic.Admin_Activity"
132-->src/main/AndroidManifest.xml:90:19-49
133            android:screenOrientation="portrait" />
133-->src/main/AndroidManifest.xml:91:13-49
134        <activity
134-->src/main/AndroidManifest.xml:92:9-93:51
135            android:name="com.example.ahujaclinic.Appointments"
135-->src/main/AndroidManifest.xml:92:19-47
136            android:screenOrientation="portrait" />
136-->src/main/AndroidManifest.xml:93:13-49
137        <activity
137-->src/main/AndroidManifest.xml:94:9-95:51
138            android:name="com.example.ahujaclinic.Feedback"
138-->src/main/AndroidManifest.xml:94:19-43
139            android:screenOrientation="portrait" />
139-->src/main/AndroidManifest.xml:95:13-49
140        <activity
140-->src/main/AndroidManifest.xml:96:9-97:51
141            android:name="com.example.ahujaclinic.Doctors_Show_Previous_Prescription_Doctors"
141-->src/main/AndroidManifest.xml:96:19-77
142            android:screenOrientation="portrait" />
142-->src/main/AndroidManifest.xml:97:13-49
143        <activity
143-->src/main/AndroidManifest.xml:98:9-99:51
144            android:name="com.example.ahujaclinic.Doctor_Side_Previous_Prescriptions"
144-->src/main/AndroidManifest.xml:98:19-69
145            android:screenOrientation="portrait" />
145-->src/main/AndroidManifest.xml:99:13-49
146        <activity
146-->src/main/AndroidManifest.xml:100:9-101:51
147            android:name="com.example.ahujaclinic.Doctors_Show_Feedback"
147-->src/main/AndroidManifest.xml:100:19-56
148            android:screenOrientation="portrait" />
148-->src/main/AndroidManifest.xml:101:13-49
149        <activity
149-->src/main/AndroidManifest.xml:102:9-103:51
150            android:name="com.example.ahujaclinic.Admin_Payments"
150-->src/main/AndroidManifest.xml:102:19-49
151            android:screenOrientation="portrait" />
151-->src/main/AndroidManifest.xml:103:13-49
152        <activity
152-->src/main/AndroidManifest.xml:104:9-105:51
153            android:name="com.example.ahujaclinic.Patient_Appointments"
153-->src/main/AndroidManifest.xml:104:19-55
154            android:screenOrientation="portrait" />
154-->src/main/AndroidManifest.xml:105:13-49
155        <activity
155-->src/main/AndroidManifest.xml:106:9-107:51
156            android:name="com.example.ahujaclinic.Admin_ChatDisplay"
156-->src/main/AndroidManifest.xml:106:19-52
157            android:screenOrientation="portrait" />
157-->src/main/AndroidManifest.xml:107:13-49
158        <activity
158-->src/main/AndroidManifest.xml:108:9-109:51
159            android:name="com.example.ahujaclinic.Admin_MessageActivity"
159-->src/main/AndroidManifest.xml:108:19-56
160            android:screenOrientation="portrait" />
160-->src/main/AndroidManifest.xml:109:13-49
161        <activity
161-->src/main/AndroidManifest.xml:110:9-111:51
162            android:name="com.example.ahujaclinic.Patient_Payment_Appt"
162-->src/main/AndroidManifest.xml:110:19-55
163            android:screenOrientation="portrait" />
163-->src/main/AndroidManifest.xml:111:13-49
164        <activity
164-->src/main/AndroidManifest.xml:112:9-113:51
165            android:name="com.example.ahujaclinic.Admin_FeedBack"
165-->src/main/AndroidManifest.xml:112:19-49
166            android:screenOrientation="portrait" />
166-->src/main/AndroidManifest.xml:113:13-49
167        <activity
167-->src/main/AndroidManifest.xml:114:9-115:51
168            android:name="com.example.ahujaclinic.Admin_Show_FeedBack"
168-->src/main/AndroidManifest.xml:114:19-54
169            android:screenOrientation="portrait" />
169-->src/main/AndroidManifest.xml:115:13-49
170        <activity
170-->src/main/AndroidManifest.xml:116:9-117:51
171            android:name="com.example.ahujaclinic.PhyziHealth_StepCounter"
171-->src/main/AndroidManifest.xml:116:19-58
172            android:screenOrientation="portrait" />
172-->src/main/AndroidManifest.xml:117:13-49
173        <activity
173-->src/main/AndroidManifest.xml:118:9-119:51
174            android:name="com.example.ahujaclinic.PhyziHealth"
174-->src/main/AndroidManifest.xml:118:19-46
175            android:screenOrientation="portrait" />
175-->src/main/AndroidManifest.xml:119:13-49
176        <activity
176-->src/main/AndroidManifest.xml:120:9-121:51
177            android:name="com.example.ahujaclinic.PhyziHealth_bmiActivity"
177-->src/main/AndroidManifest.xml:120:19-58
178            android:screenOrientation="portrait" />
178-->src/main/AndroidManifest.xml:121:13-49
179        <activity
179-->src/main/AndroidManifest.xml:122:9-123:51
180            android:name="com.example.ahujaclinic.BloodPressure"
180-->src/main/AndroidManifest.xml:122:19-48
181            android:screenOrientation="portrait" />
181-->src/main/AndroidManifest.xml:123:13-49
182        <activity
182-->src/main/AndroidManifest.xml:124:9-125:51
183            android:name="com.example.ahujaclinic.WHealth"
183-->src/main/AndroidManifest.xml:124:19-42
184            android:screenOrientation="portrait" />
184-->src/main/AndroidManifest.xml:125:13-49
185        <activity
185-->src/main/AndroidManifest.xml:126:9-127:51
186            android:name="com.example.ahujaclinic.PhyziHealth_BloodPressure_View"
186-->src/main/AndroidManifest.xml:126:19-65
187            android:screenOrientation="portrait" />
187-->src/main/AndroidManifest.xml:127:13-49
188        <activity
188-->src/main/AndroidManifest.xml:128:9-135:20
189            android:name="com.example.ahujaclinic.MainActivity"
189-->src/main/AndroidManifest.xml:128:19-47
190            android:screenOrientation="portrait" >
190-->src/main/AndroidManifest.xml:129:13-49
191            <intent-filter>
191-->src/main/AndroidManifest.xml:130:13-134:29
192                <action android:name="android.intent.action.MAIN" />
192-->src/main/AndroidManifest.xml:131:17-69
192-->src/main/AndroidManifest.xml:131:25-66
193
194                <category android:name="android.intent.category.LAUNCHER" />
194-->src/main/AndroidManifest.xml:133:17-77
194-->src/main/AndroidManifest.xml:133:27-74
195            </intent-filter>
196        </activity>
197
198        <service android:name="com.example.ahujaclinic.StepCounter_Service" />
198-->src/main/AndroidManifest.xml:136:9-55
198-->src/main/AndroidManifest.xml:136:18-53
199
200        <meta-data
200-->src/main/AndroidManifest.xml:138:9-140:57
201            android:name="preloaded_fonts"
201-->src/main/AndroidManifest.xml:139:13-43
202            android:resource="@array/preloaded_fonts" />
202-->src/main/AndroidManifest.xml:140:13-54
203
204        <activity
204-->[com.google.firebase:firebase-auth:21.0.1] AndroidManifest.xml:27:9-44:20
205            android:name="com.google.firebase.auth.internal.GenericIdpActivity"
205-->[com.google.firebase:firebase-auth:21.0.1] AndroidManifest.xml:28:13-80
206            android:excludeFromRecents="true"
206-->[com.google.firebase:firebase-auth:21.0.1] AndroidManifest.xml:29:13-46
207            android:exported="true"
207-->[com.google.firebase:firebase-auth:21.0.1] AndroidManifest.xml:30:13-36
208            android:launchMode="singleTask"
208-->[com.google.firebase:firebase-auth:21.0.1] AndroidManifest.xml:31:13-44
209            android:theme="@android:style/Theme.Translucent.NoTitleBar" >
209-->[com.google.firebase:firebase-auth:21.0.1] AndroidManifest.xml:32:13-72
210            <intent-filter>
210-->[com.google.firebase:firebase-auth:21.0.1] AndroidManifest.xml:33:13-43:29
211                <action android:name="android.intent.action.VIEW" />
211-->[com.google.firebase:firebase-auth:21.0.1] AndroidManifest.xml:34:17-69
211-->[com.google.firebase:firebase-auth:21.0.1] AndroidManifest.xml:34:25-66
212
213                <category android:name="android.intent.category.DEFAULT" />
213-->[com.google.firebase:firebase-auth:21.0.1] AndroidManifest.xml:36:17-76
213-->[com.google.firebase:firebase-auth:21.0.1] AndroidManifest.xml:36:27-73
214                <category android:name="android.intent.category.BROWSABLE" />
214-->[com.google.firebase:firebase-auth:21.0.1] AndroidManifest.xml:37:17-78
214-->[com.google.firebase:firebase-auth:21.0.1] AndroidManifest.xml:37:27-75
215
216                <data
216-->[com.google.firebase:firebase-auth:21.0.1] AndroidManifest.xml:39:17-42:51
217                    android:host="firebase.auth"
217-->[com.google.firebase:firebase-auth:21.0.1] AndroidManifest.xml:40:21-49
218                    android:path="/"
218-->[com.google.firebase:firebase-auth:21.0.1] AndroidManifest.xml:41:21-37
219                    android:scheme="genericidp" />
219-->[com.google.firebase:firebase-auth:21.0.1] AndroidManifest.xml:42:21-48
220            </intent-filter>
221        </activity>
222        <activity
222-->[com.google.firebase:firebase-auth:21.0.1] AndroidManifest.xml:45:9-62:20
223            android:name="com.google.firebase.auth.internal.RecaptchaActivity"
223-->[com.google.firebase:firebase-auth:21.0.1] AndroidManifest.xml:46:13-79
224            android:excludeFromRecents="true"
224-->[com.google.firebase:firebase-auth:21.0.1] AndroidManifest.xml:47:13-46
225            android:exported="true"
225-->[com.google.firebase:firebase-auth:21.0.1] AndroidManifest.xml:48:13-36
226            android:launchMode="singleTask"
226-->[com.google.firebase:firebase-auth:21.0.1] AndroidManifest.xml:49:13-44
227            android:theme="@android:style/Theme.Translucent.NoTitleBar" >
227-->[com.google.firebase:firebase-auth:21.0.1] AndroidManifest.xml:50:13-72
228            <intent-filter>
228-->[com.google.firebase:firebase-auth:21.0.1] AndroidManifest.xml:51:13-61:29
229                <action android:name="android.intent.action.VIEW" />
229-->[com.google.firebase:firebase-auth:21.0.1] AndroidManifest.xml:34:17-69
229-->[com.google.firebase:firebase-auth:21.0.1] AndroidManifest.xml:34:25-66
230
231                <category android:name="android.intent.category.DEFAULT" />
231-->[com.google.firebase:firebase-auth:21.0.1] AndroidManifest.xml:36:17-76
231-->[com.google.firebase:firebase-auth:21.0.1] AndroidManifest.xml:36:27-73
232                <category android:name="android.intent.category.BROWSABLE" />
232-->[com.google.firebase:firebase-auth:21.0.1] AndroidManifest.xml:37:17-78
232-->[com.google.firebase:firebase-auth:21.0.1] AndroidManifest.xml:37:27-75
233
234                <data
234-->[com.google.firebase:firebase-auth:21.0.1] AndroidManifest.xml:39:17-42:51
235                    android:host="firebase.auth"
235-->[com.google.firebase:firebase-auth:21.0.1] AndroidManifest.xml:40:21-49
236                    android:path="/"
236-->[com.google.firebase:firebase-auth:21.0.1] AndroidManifest.xml:41:21-37
237                    android:scheme="recaptcha" />
237-->[com.google.firebase:firebase-auth:21.0.1] AndroidManifest.xml:42:21-48
238            </intent-filter>
239        </activity>
240
241        <service
241-->[com.google.firebase:firebase-auth:21.0.1] AndroidManifest.xml:64:9-73:19
242            android:name="com.google.firebase.auth.api.fallback.service.FirebaseAuthFallbackService"
242-->[com.google.firebase:firebase-auth:21.0.1] AndroidManifest.xml:65:13-101
243            android:enabled="true"
243-->[com.google.firebase:firebase-auth:21.0.1] AndroidManifest.xml:66:13-35
244            android:exported="false" >
244-->[com.google.firebase:firebase-auth:21.0.1] AndroidManifest.xml:67:13-37
245            <intent-filter>
245-->[com.google.firebase:firebase-auth:21.0.1] AndroidManifest.xml:68:13-72:29
246                <action android:name="com.google.firebase.auth.api.gms.service.START" />
246-->[com.google.firebase:firebase-auth:21.0.1] AndroidManifest.xml:69:17-89
246-->[com.google.firebase:firebase-auth:21.0.1] AndroidManifest.xml:69:25-86
247
248                <category android:name="android.intent.category.DEFAULT" />
248-->[com.google.firebase:firebase-auth:21.0.1] AndroidManifest.xml:36:17-76
248-->[com.google.firebase:firebase-auth:21.0.1] AndroidManifest.xml:36:27-73
249            </intent-filter>
250        </service>
251        <service
251-->[com.google.firebase:firebase-auth:21.0.1] AndroidManifest.xml:74:9-80:19
252            android:name="com.google.firebase.components.ComponentDiscoveryService"
252-->[com.google.firebase:firebase-auth:21.0.1] AndroidManifest.xml:75:13-84
253            android:directBootAware="true"
253-->[com.google.firebase:firebase-common:20.0.0] AndroidManifest.xml:35:13-43
254            android:exported="false" >
254-->[com.google.firebase:firebase-auth:21.0.1] AndroidManifest.xml:76:13-37
255            <meta-data
255-->[com.google.firebase:firebase-auth:21.0.1] AndroidManifest.xml:77:13-79:85
256                android:name="com.google.firebase.components:com.google.firebase.auth.FirebaseAuthRegistrar"
256-->[com.google.firebase:firebase-auth:21.0.1] AndroidManifest.xml:78:17-109
257                android:value="com.google.firebase.components.ComponentRegistrar" />
257-->[com.google.firebase:firebase-auth:21.0.1] AndroidManifest.xml:79:17-82
258            <meta-data
258-->[com.google.firebase:firebase-messaging:22.0.0] AndroidManifest.xml:52:13-54:85
259                android:name="com.google.firebase.components:com.google.firebase.messaging.FirebaseMessagingRegistrar"
259-->[com.google.firebase:firebase-messaging:22.0.0] AndroidManifest.xml:53:17-119
260                android:value="com.google.firebase.components.ComponentRegistrar" />
260-->[com.google.firebase:firebase-messaging:22.0.0] AndroidManifest.xml:54:17-82
261            <meta-data
261-->[com.google.firebase:firebase-database:20.0.0] AndroidManifest.xml:32:13-34:85
262                android:name="com.google.firebase.components:com.google.firebase.database.DatabaseRegistrar"
262-->[com.google.firebase:firebase-database:20.0.0] AndroidManifest.xml:33:17-109
263                android:value="com.google.firebase.components.ComponentRegistrar" />
263-->[com.google.firebase:firebase-database:20.0.0] AndroidManifest.xml:34:17-82
264            <meta-data
264-->[com.google.firebase:firebase-storage:20.0.0] AndroidManifest.xml:33:13-35:85
265                android:name="com.google.firebase.components:com.google.firebase.storage.StorageRegistrar"
265-->[com.google.firebase:firebase-storage:20.0.0] AndroidManifest.xml:34:17-107
266                android:value="com.google.firebase.components.ComponentRegistrar" />
266-->[com.google.firebase:firebase-storage:20.0.0] AndroidManifest.xml:35:17-82
267            <meta-data
267-->[com.google.firebase:firebase-datatransport:18.0.0] AndroidManifest.xml:28:13-30:85
268                android:name="com.google.firebase.components:com.google.firebase.datatransport.TransportRegistrar"
268-->[com.google.firebase:firebase-datatransport:18.0.0] AndroidManifest.xml:29:17-115
269                android:value="com.google.firebase.components.ComponentRegistrar" />
269-->[com.google.firebase:firebase-datatransport:18.0.0] AndroidManifest.xml:30:17-82
270            <meta-data
270-->[com.google.firebase:firebase-installations:17.0.0] AndroidManifest.xml:18:13-20:85
271                android:name="com.google.firebase.components:com.google.firebase.installations.FirebaseInstallationsRegistrar"
271-->[com.google.firebase:firebase-installations:17.0.0] AndroidManifest.xml:19:17-127
272                android:value="com.google.firebase.components.ComponentRegistrar" />
272-->[com.google.firebase:firebase-installations:17.0.0] AndroidManifest.xml:20:17-82
273        </service>
274
275        <receiver
275-->[com.google.firebase:firebase-messaging:22.0.0] AndroidManifest.xml:28:9-35:20
276            android:name="com.google.firebase.iid.FirebaseInstanceIdReceiver"
276-->[com.google.firebase:firebase-messaging:22.0.0] AndroidManifest.xml:29:13-78
277            android:exported="true"
277-->[com.google.firebase:firebase-messaging:22.0.0] AndroidManifest.xml:30:13-36
278            android:permission="com.google.android.c2dm.permission.SEND" >
278-->[com.google.firebase:firebase-messaging:22.0.0] AndroidManifest.xml:31:13-73
279            <intent-filter>
279-->[com.google.firebase:firebase-messaging:22.0.0] AndroidManifest.xml:32:13-34:29
280                <action android:name="com.google.android.c2dm.intent.RECEIVE" />
280-->[com.google.firebase:firebase-messaging:22.0.0] AndroidManifest.xml:33:17-81
280-->[com.google.firebase:firebase-messaging:22.0.0] AndroidManifest.xml:33:25-78
281            </intent-filter>
282        </receiver>
283        <!--
284             FirebaseMessagingService performs security checks at runtime,
285             but set to not exported to explicitly avoid allowing another app to call it.
286        -->
287        <service
287-->[com.google.firebase:firebase-messaging:22.0.0] AndroidManifest.xml:41:9-48:19
288            android:name="com.google.firebase.messaging.FirebaseMessagingService"
288-->[com.google.firebase:firebase-messaging:22.0.0] AndroidManifest.xml:42:13-82
289            android:directBootAware="true"
289-->[com.google.firebase:firebase-messaging:22.0.0] AndroidManifest.xml:43:13-43
290            android:exported="false" >
290-->[com.google.firebase:firebase-messaging:22.0.0] AndroidManifest.xml:44:13-37
291            <intent-filter android:priority="-500" >
291-->[com.google.firebase:firebase-messaging:22.0.0] AndroidManifest.xml:45:13-47:29
291-->[com.google.firebase:firebase-messaging:22.0.0] AndroidManifest.xml:45:28-51
292                <action android:name="com.google.firebase.MESSAGING_EVENT" />
292-->[com.google.firebase:firebase-messaging:22.0.0] AndroidManifest.xml:46:17-78
292-->[com.google.firebase:firebase-messaging:22.0.0] AndroidManifest.xml:46:25-75
293            </intent-filter>